\BOOKMARK [0][-]{chapter.1}{Singly Linked Lists}{}% 1
\BOOKMARK [1][-]{section.1.1}{Introduction}{chapter.1}% 2
\BOOKMARK [2][-]{subsection.1.1.1}{Iterating over a list}{section.1.1}% 3
\BOOKMARK [1][-]{section.1.2}{Insertion}{chapter.1}% 4
\BOOKMARK [2][-]{subsection.1.2.1}{Insert at the start.}{section.1.2}% 5
\BOOKMARK [2][-]{subsection.1.2.2}{Insert after a given node.}{section.1.2}% 6
\BOOKMARK [2][-]{subsection.1.2.3}{Insert at the end}{section.1.2}% 7
\BOOKMARK [1][-]{section.1.3}{Deletion}{chapter.1}% 8
\BOOKMARK [2][-]{subsection.1.3.1}{Delete the node with the given key}{section.1.3}% 9
\BOOKMARK [2][-]{subsection.1.3.2}{Delete the node at given position}{section.1.3}% 10
\BOOKMARK [1][-]{section.1.4}{Problems}{chapter.1}% 11
\BOOKMARK [2][-]{subsection.1.4.1}{Count number of nodes}{section.1.4}% 12
\BOOKMARK [2][-]{subsection.1.4.2}{Search an element in a Linked List}{section.1.4}% 13
\BOOKMARK [2][-]{subsection.1.4.3}{Swap nodes in a linked list without swapping data}{section.1.4}% 14
\BOOKMARK [2][-]{subsection.1.4.4}{Get Nth node in a Linked List}{section.1.4}% 15
\BOOKMARK [2][-]{subsection.1.4.5}{Nth node from the end of a Linked List}{section.1.4}% 16
\BOOKMARK [2][-]{subsection.1.4.6}{Print the middle of a given linked list}{section.1.4}% 17
\BOOKMARK [2][-]{subsection.1.4.7}{Reverse a linked list}{section.1.4}% 18
\BOOKMARK [2][-]{subsection.1.4.8}{Detect loop in a linked list}{section.1.4}% 19
\BOOKMARK [2][-]{subsection.1.4.9}{Merge two sorted linked lists}{section.1.4}% 20
